2024-10-16 22:20:03 [error]: TypeError: Cannot read properties of undefined (reading 'find')
    at /Users/abdulfatahaishat/Desktop/workspace/coursemanagementsystem/controllers/courses.controller.ts:23:33
    at Generator.next (<anonymous>)
    at fulfilled (/Users/abdulfatahaishat/Desktop/workspace/coursemanagementsystem/controllers/courses.controller.ts:5:58)
    at processTicksAndRejections (node:internal/process/task_queues:95:5)
2024-10-16 22:20:03 [error]: TypeError: Cannot read properties of undefined (reading 'find')
    at /Users/abdulfatahaishat/Desktop/workspace/coursemanagementsystem/controllers/courses.controller.ts:23:33
    at Generator.next (<anonymous>)
    at fulfilled (/Users/abdulfatahaishat/Desktop/workspace/coursemanagementsystem/controllers/courses.controller.ts:5:58)
    at processTicksAndRejections (node:internal/process/task_queues:95:5)
2024-10-16 22:20:03 [error]: TypeError: Cannot read properties of undefined (reading 'length')
    at /Users/abdulfatahaishat/Desktop/workspace/coursemanagementsystem/controllers/courses.controller.ts:47:15
    at Generator.next (<anonymous>)
    at fulfilled (/Users/abdulfatahaishat/Desktop/workspace/coursemanagementsystem/controllers/courses.controller.ts:5:58)
    at processTicksAndRejections (node:internal/process/task_queues:95:5)
2024-10-16 22:20:03 [error]: TypeError: Cannot read properties of undefined (reading 'findIndex')
    at /Users/abdulfatahaishat/Desktop/workspace/coursemanagementsystem/controllers/courses.controller.ts:98:33
    at Generator.next (<anonymous>)
    at fulfilled (/Users/abdulfatahaishat/Desktop/workspace/coursemanagementsystem/controllers/courses.controller.ts:5:58)
    at processTicksAndRejections (node:internal/process/task_queues:95:5)
2024-10-16 22:20:03 [error]: TypeError: Cannot read properties of undefined (reading 'find')
    at /Users/abdulfatahaishat/Desktop/workspace/coursemanagementsystem/controllers/courses.controller.ts:23:33
    at Generator.next (<anonymous>)
    at fulfilled (/Users/abdulfatahaishat/Desktop/workspace/coursemanagementsystem/controllers/courses.controller.ts:5:58)
    at processTicksAndRejections (node:internal/process/task_queues:95:5)
2024-10-16 22:20:03 [error]: TypeError: Cannot read properties of undefined (reading 'find')
    at /Users/abdulfatahaishat/Desktop/workspace/coursemanagementsystem/controllers/courses.controller.ts:72:33
    at Generator.next (<anonymous>)
    at fulfilled (/Users/abdulfatahaishat/Desktop/workspace/coursemanagementsystem/controllers/courses.controller.ts:5:58)
    at processTicksAndRejections (node:internal/process/task_queues:95:5)
2024-10-16 22:21:31 [error]: TypeError: Cannot read properties of undefined (reading 'find')
    at /Users/abdulfatahaishat/Desktop/workspace/coursemanagementsystem/controllers/courses.controller.ts:23:33
    at Generator.next (<anonymous>)
    at fulfilled (/Users/abdulfatahaishat/Desktop/workspace/coursemanagementsystem/controllers/courses.controller.ts:5:58)
    at processTicksAndRejections (node:internal/process/task_queues:95:5)
2024-10-16 22:21:31 [error]: TypeError: Cannot read properties of undefined (reading 'find')
    at /Users/abdulfatahaishat/Desktop/workspace/coursemanagementsystem/controllers/courses.controller.ts:23:33
    at Generator.next (<anonymous>)
    at fulfilled (/Users/abdulfatahaishat/Desktop/workspace/coursemanagementsystem/controllers/courses.controller.ts:5:58)
    at processTicksAndRejections (node:internal/process/task_queues:95:5)
2024-10-16 22:21:31 [error]: TypeError: Cannot read properties of undefined (reading 'length')
    at /Users/abdulfatahaishat/Desktop/workspace/coursemanagementsystem/controllers/courses.controller.ts:47:15
    at Generator.next (<anonymous>)
    at fulfilled (/Users/abdulfatahaishat/Desktop/workspace/coursemanagementsystem/controllers/courses.controller.ts:5:58)
    at processTicksAndRejections (node:internal/process/task_queues:95:5)
2024-10-16 22:21:31 [error]: TypeError: Cannot read properties of undefined (reading 'findIndex')
    at /Users/abdulfatahaishat/Desktop/workspace/coursemanagementsystem/controllers/courses.controller.ts:98:33
    at Generator.next (<anonymous>)
    at fulfilled (/Users/abdulfatahaishat/Desktop/workspace/coursemanagementsystem/controllers/courses.controller.ts:5:58)
    at processTicksAndRejections (node:internal/process/task_queues:95:5)
2024-10-16 22:21:31 [error]: TypeError: Cannot read properties of undefined (reading 'find')
    at /Users/abdulfatahaishat/Desktop/workspace/coursemanagementsystem/controllers/courses.controller.ts:23:33
    at Generator.next (<anonymous>)
    at fulfilled (/Users/abdulfatahaishat/Desktop/workspace/coursemanagementsystem/controllers/courses.controller.ts:5:58)
    at processTicksAndRejections (node:internal/process/task_queues:95:5)
2024-10-16 22:21:31 [error]: TypeError: Cannot read properties of undefined (reading 'find')
    at /Users/abdulfatahaishat/Desktop/workspace/coursemanagementsystem/controllers/courses.controller.ts:72:33
    at Generator.next (<anonymous>)
    at fulfilled (/Users/abdulfatahaishat/Desktop/workspace/coursemanagementsystem/controllers/courses.controller.ts:5:58)
    at processTicksAndRejections (node:internal/process/task_queues:95:5)
